<?xml version="1.0" encoding="UTF-8"?>
<coverage generated="1759406889798" clover="3.2.0">
  <project timestamp="1759406889798" name="All files">
    <metrics statements="181" coveredstatements="155" conditionals="35" coveredconditionals="23" methods="19" coveredmethods="16" elements="235" coveredelements="194" complexity="0" loc="181" ncloc="181" packages="6" files="11" classes="11"/>
    <package name="src">
      <metrics statements="22" coveredstatements="19" conditionals="4" coveredconditionals="1" methods="2" coveredmethods="1"/>
      <file name="index.ts" path="C:\SQA_Task\server\src\index.ts">
        <metrics statements="22" coveredstatements="19" conditionals="4" coveredconditionals="1" methods="2" coveredmethods="1"/>
        <line num="1" count="3" type="stmt"/>
        <line num="2" count="3" type="stmt"/>
        <line num="3" count="3" type="stmt"/>
        <line num="5" count="3" type="stmt"/>
        <line num="6" count="3" type="stmt"/>
        <line num="7" count="3" type="stmt"/>
        <line num="8" count="3" type="stmt"/>
        <line num="10" count="3" type="stmt"/>
        <line num="12" count="3" type="stmt"/>
        <line num="14" count="3" type="stmt"/>
        <line num="15" count="3" type="stmt"/>
        <line num="18" count="3" type="stmt"/>
        <line num="21" count="3" type="stmt"/>
        <line num="22" count="1" type="stmt"/>
        <line num="26" count="3" type="stmt"/>
        <line num="27" count="3" type="stmt"/>
        <line num="30" count="3" type="stmt"/>
        <line num="33" count="3" type="cond" truecount="1" falsecount="1"/>
        <line num="34" count="0" type="cond" truecount="0" falsecount="2"/>
        <line num="35" count="0" type="stmt"/>
        <line num="36" count="0" type="stmt"/>
        <line num="40" count="3" type="stmt"/>
      </file>
    </package>
    <package name="src.config">
      <metrics statements="15" coveredstatements="15" conditionals="4" coveredconditionals="4" methods="2" coveredmethods="2"/>
      <file name="db.ts" path="C:\SQA_Task\server\src\config\db.ts">
        <metrics statements="15" coveredstatements="15" conditionals="4" coveredconditionals="4" methods="2" coveredmethods="2"/>
        <line num="1" count="4" type="stmt"/>
        <line num="3" count="4" type="stmt"/>
        <line num="5" count="4" type="stmt"/>
        <line num="6" count="4" type="stmt"/>
        <line num="9" count="4" type="stmt"/>
        <line num="10" count="7" type="cond" truecount="2" falsecount="0"/>
        <line num="12" count="6" type="stmt"/>
        <line num="13" count="6" type="cond" truecount="2" falsecount="0"/>
        <line num="14" count="1" type="stmt"/>
        <line num="17" count="5" type="stmt"/>
        <line num="21" count="4" type="stmt"/>
        <line num="22" count="4" type="stmt"/>
        <line num="24" count="1" type="stmt"/>
        <line num="25" count="1" type="stmt"/>
        <line num="29" count="4" type="stmt"/>
      </file>
    </package>
    <package name="src.controllers">
      <metrics statements="82" coveredstatements="65" conditionals="17" coveredconditionals="11" methods="10" coveredmethods="10"/>
      <file name="authController.ts" path="C:\SQA_Task\server\src\controllers\authController.ts">
        <metrics statements="33" coveredstatements="26" conditionals="8" coveredconditionals="5" methods="3" coveredmethods="3"/>
        <line num="2" count="4" type="stmt"/>
        <line num="3" count="4" type="stmt"/>
        <line num="4" count="4" type="stmt"/>
        <line num="7" count="4" type="stmt"/>
        <line num="8" count="6" type="cond" truecount="1" falsecount="1"/>
        <line num="9" count="0" type="stmt"/>
        <line num="12" count="6" type="stmt"/>
        <line num="18" count="4" type="stmt"/>
        <line num="19" count="4" type="stmt"/>
        <line num="20" count="4" type="stmt"/>
        <line num="26" count="4" type="stmt"/>
        <line num="27" count="4" type="cond" truecount="1" falsecount="1"/>
        <line num="28" count="0" type="stmt"/>
        <line num="29" count="0" type="stmt"/>
        <line num="33" count="4" type="stmt"/>
        <line num="35" count="4" type="stmt"/>
        <line num="41" count="4" type="stmt"/>
        <line num="43" count="4" type="stmt"/>
        <line num="45" count="0" type="stmt"/>
        <line num="50" count="4" type="stmt"/>
        <line num="51" count="4" type="stmt"/>
        <line num="52" count="4" type="stmt"/>
        <line num="57" count="4" type="stmt"/>
        <line num="58" count="4" type="cond" truecount="1" falsecount="1"/>
        <line num="59" count="0" type="stmt"/>
        <line num="60" count="0" type="stmt"/>
        <line num="63" count="4" type="stmt"/>
        <line num="64" count="4" type="cond" truecount="2" falsecount="0"/>
        <line num="65" count="2" type="stmt"/>
        <line num="66" count="2" type="stmt"/>
        <line num="69" count="2" type="stmt"/>
        <line num="70" count="2" type="stmt"/>
        <line num="72" count="0" type="stmt"/>
      </file>
      <file name="taskController.ts" path="C:\SQA_Task\server\src\controllers\taskController.ts">
        <metrics statements="49" coveredstatements="39" conditionals="9" coveredconditionals="6" methods="7" coveredmethods="7"/>
        <line num="2" count="4" type="stmt"/>
        <line num="11" count="4" type="stmt"/>
        <line num="12" count="2" type="stmt"/>
        <line num="13" count="2" type="stmt"/>
        <line num="14" count="2" type="stmt"/>
        <line num="20" count="0" type="stmt"/>
        <line num="25" count="4" type="stmt"/>
        <line num="26" count="1" type="stmt"/>
        <line num="27" count="1" type="stmt"/>
        <line num="28" count="1" type="stmt"/>
        <line num="29" count="1" type="cond" truecount="1" falsecount="1"/>
        <line num="30" count="0" type="stmt"/>
        <line num="32" count="1" type="stmt"/>
        <line num="33" count="1" type="stmt"/>
        <line num="39" count="0" type="stmt"/>
        <line num="44" count="4" type="stmt"/>
        <line num="45" count="2" type="stmt"/>
        <line num="46" count="2" type="stmt"/>
        <line num="47" count="2" type="cond" truecount="2" falsecount="0"/>
        <line num="48" count="1" type="stmt"/>
        <line num="54" count="1" type="stmt"/>
        <line num="60" count="0" type="stmt"/>
        <line num="65" count="4" type="stmt"/>
        <line num="66" count="2" type="stmt"/>
        <line num="67" count="2" type="cond" truecount="1" falsecount="0"/>
        <line num="68" count="2" type="stmt"/>
        <line num="69" count="2" type="stmt"/>
        <line num="75" count="0" type="stmt"/>
        <line num="80" count="4" type="stmt"/>
        <line num="81" count="1" type="stmt"/>
        <line num="82" count="1" type="stmt"/>
        <line num="83" count="1" type="stmt"/>
        <line num="88" count="1" type="cond" truecount="1" falsecount="1"/>
        <line num="89" count="0" type="stmt"/>
        <line num="95" count="1" type="stmt"/>
        <line num="101" count="0" type="stmt"/>
        <line num="106" count="4" type="stmt"/>
        <line num="107" count="1" type="stmt"/>
        <line num="108" count="1" type="stmt"/>
        <line num="109" count="1" type="cond" truecount="1" falsecount="1"/>
        <line num="110" count="0" type="stmt"/>
        <line num="116" count="1" type="stmt"/>
        <line num="122" count="0" type="stmt"/>
        <line num="127" count="4" type="stmt"/>
        <line num="128" count="1" type="stmt"/>
        <line num="129" count="1" type="stmt"/>
        <line num="130" count="1" type="stmt"/>
        <line num="131" count="1" type="stmt"/>
        <line num="137" count="0" type="stmt"/>
      </file>
    </package>
    <package name="src.middleware">
      <metrics statements="29" coveredstatements="24" conditionals="10" coveredconditionals="7" methods="4" coveredmethods="3"/>
      <file name="auth.ts" path="C:\SQA_Task\server\src\middleware\auth.ts">
        <metrics statements="12" coveredstatements="11" conditionals="2" coveredconditionals="2" methods="1" coveredmethods="1"/>
        <line num="2" count="4" type="stmt"/>
        <line num="16" count="4" type="stmt"/>
        <line num="17" count="5" type="stmt"/>
        <line num="18" count="5" type="stmt"/>
        <line num="20" count="5" type="cond" truecount="2" falsecount="0"/>
        <line num="21" count="2" type="stmt"/>
        <line num="26" count="3" type="stmt"/>
        <line num="27" count="3" type="stmt"/>
        <line num="28" count="3" type="stmt"/>
        <line num="29" count="3" type="stmt"/>
        <line num="31" count="0" type="stmt"/>
        <line num="37" count="4" type="stmt"/>
      </file>
      <file name="errorHandling.ts" path="C:\SQA_Task\server\src\middleware\errorHandling.ts">
        <metrics statements="5" coveredstatements="5" conditionals="4" coveredconditionals="3" methods="1" coveredmethods="1"/>
        <line num="8" count="4" type="stmt"/>
        <line num="9" count="2" type="stmt"/>
        <line num="11" count="2" type="cond" truecount="2" falsecount="0"/>
        <line num="13" count="2" type="stmt"/>
        <line num="20" count="4" type="stmt"/>
      </file>
      <file name="validateTask.ts" path="C:\SQA_Task\server\src\middleware\validateTask.ts">
        <metrics statements="12" coveredstatements="8" conditionals="4" coveredconditionals="2" methods="2" coveredmethods="1"/>
        <line num="1" count="4" type="stmt"/>
        <line num="4" count="4" type="stmt"/>
        <line num="17" count="3" type="stmt"/>
        <line num="18" count="3" type="cond" truecount="2" falsecount="0"/>
        <line num="19" count="1" type="stmt"/>
        <line num="26" count="2" type="stmt"/>
        <line num="30" count="4" type="stmt"/>
        <line num="40" count="0" type="stmt"/>
        <line num="41" count="0" type="cond" truecount="0" falsecount="2"/>
        <line num="42" count="0" type="stmt"/>
        <line num="49" count="0" type="stmt"/>
        <line num="53" count="4" type="stmt"/>
      </file>
    </package>
    <package name="src.models">
      <metrics statements="11" coveredstatements="10" conditionals="0" coveredconditionals="0" methods="1" coveredmethods="0"/>
      <file name="task.ts" path="C:\SQA_Task\server\src\models\task.ts">
        <metrics statements="4" coveredstatements="4" conditionals="0" coveredconditionals="0" methods="0" coveredmethods="0"/>
        <line num="1" count="4" type="stmt"/>
        <line num="13" count="4" type="stmt"/>
        <line num="23" count="4" type="stmt"/>
        <line num="24" count="4" type="stmt"/>
      </file>
      <file name="user.ts" path="C:\SQA_Task\server\src\models\user.ts">
        <metrics statements="7" coveredstatements="6" conditionals="0" coveredconditionals="0" methods="1" coveredmethods="0"/>
        <line num="1" count="5" type="stmt"/>
        <line num="2" count="5" type="stmt"/>
        <line num="14" count="5" type="stmt"/>
        <line num="26" count="5" type="stmt"/>
        <line num="29" count="0" type="stmt"/>
        <line num="33" count="5" type="stmt"/>
        <line num="34" count="5" type="stmt"/>
      </file>
    </package>
    <package name="src.routes">
      <metrics statements="22" coveredstatements="22" conditionals="0" coveredconditionals="0" methods="0" coveredmethods="0"/>
      <file name="authRoutes.ts" path="C:\SQA_Task\server\src\routes\authRoutes.ts">
        <metrics statements="9" coveredstatements="9" conditionals="0" coveredconditionals="0" methods="0" coveredmethods="0"/>
        <line num="1" count="4" type="stmt"/>
        <line num="2" count="4" type="stmt"/>
        <line num="3" count="4" type="stmt"/>
        <line num="5" count="4" type="stmt"/>
        <line num="7" count="4" type="stmt"/>
        <line num="15" count="4" type="stmt"/>
        <line num="20" count="4" type="stmt"/>
        <line num="21" count="4" type="stmt"/>
        <line num="23" count="4" type="stmt"/>
      </file>
      <file name="tasks.ts" path="C:\SQA_Task\server\src\routes\tasks.ts">
        <metrics statements="13" coveredstatements="13" conditionals="0" coveredconditionals="0" methods="0" coveredmethods="0"/>
        <line num="1" count="4" type="stmt"/>
        <line num="2" count="4" type="stmt"/>
        <line num="3" count="4" type="stmt"/>
        <line num="4" count="4" type="stmt"/>
        <line num="6" count="4" type="stmt"/>
        <line num="8" count="4" type="stmt"/>
        <line num="9" count="4" type="stmt"/>
        <line num="10" count="4" type="stmt"/>
        <line num="11" count="4" type="stmt"/>
        <line num="12" count="4" type="stmt"/>
        <line num="13" count="4" type="stmt"/>
        <line num="14" count="4" type="stmt"/>
        <line num="16" count="4" type="stmt"/>
      </file>
    </package>
  </project>
</coverage>
