{"C:\\SQA_Task\\server\\src\\index.ts": {"path":"C:\\SQA_Task\\server\\src\\index.ts","statementMap":{"0":{"start":{"line":1,"column":0},"end":{"line":1,"column":53}},"1":{"start":{"line":2,"column":0},"end":{"line":2,"column":24}},"2":{"start":{"line":3,"column":0},"end":{"line":3,"column":28}},"3":{"start":{"line":5,"column":0},"end":{"line":5,"column":40}},"4":{"start":{"line":6,"column":0},"end":{"line":6,"column":45}},"5":{"start":{"line":7,"column":0},"end":{"line":7,"column":54}},"6":{"start":{"line":8,"column":0},"end":{"line":8,"column":36}},"7":{"start":{"line":10,"column":0},"end":{"line":10,"column":16}},"8":{"start":{"line":12,"column":12},"end":{"line":12,"column":21}},"9":{"start":{"line":14,"column":0},"end":{"line":14,"column":24}},"10":{"start":{"line":15,"column":0},"end":{"line":15,"column":16}},"11":{"start":{"line":18,"column":0},"end":{"line":18,"column":12}},"12":{"start":{"line":21,"column":0},"end":{"line":23,"column":3}},"13":{"start":{"line":22,"column":2},"end":{"line":22,"column":38}},"14":{"start":{"line":26,"column":0},"end":{"line":26,"column":34}},"15":{"start":{"line":27,"column":0},"end":{"line":27,"column":34}},"16":{"start":{"line":30,"column":0},"end":{"line":30,"column":22}},"17":{"start":{"line":33,"column":0},"end":{"line":38,"column":1}},"18":{"start":{"line":34,"column":15},"end":{"line":34,"column":39}},"19":{"start":{"line":35,"column":2},"end":{"line":37,"column":5}},"20":{"start":{"line":36,"column":4},"end":{"line":36,"column":65}},"21":{"start":{"line":40,"column":0},"end":{"line":40,"column":19}}},"fnMap":{"0":{"name":"(anonymous_1)","decl":{"start":{"line":21,"column":13},"end":{"line":21,"column":14}},"loc":{"start":{"line":21,"column":46},"end":{"line":23,"column":1}}},"1":{"name":"(anonymous_2)","decl":{"start":{"line":35,"column":19},"end":{"line":35,"column":22}},"loc":{"start":{"line":35,"column":24},"end":{"line":37,"column":3}}}},"branchMap":{"0":{"loc":{"start":{"line":33,"column":0},"end":{"line":38,"column":1}},"type":"if","locations":[{"start":{"line":33,"column":0},"end":{"line":38,"column":1}},{"start":{},"end":{}}]},"1":{"loc":{"start":{"line":34,"column":15},"end":{"line":34,"column":39}},"type":"binary-expr","locations":[{"start":{"line":34,"column":15},"end":{"line":34,"column":31}},{"start":{"line":34,"column":35},"end":{"line":34,"column":39}}]}},"s":{"0":3,"1":3,"2":3,"3":3,"4":3,"5":3,"6":3,"7":3,"8":3,"9":3,"10":3,"11":3,"12":3,"13":1,"14":3,"15":3,"16":3,"17":3,"18":0,"19":0,"20":0,"21":3},"f":{"0":1,"1":0},"b":{"0":[0,3],"1":[0,0]}}
,"C:\\SQA_Task\\server\\src\\config\\db.ts": {"path":"C:\\SQA_Task\\server\\src\\config\\db.ts","statementMap":{"0":{"start":{"line":1,"column":0},"end":{"line":1,"column":32}},"1":{"start":{"line":3,"column":18},"end":{"line":3,"column":23}},"2":{"start":{"line":5,"column":33},"end":{"line":7,"column":1}},"3":{"start":{"line":6,"column":2},"end":{"line":6,"column":22}},"4":{"start":{"line":5,"column":13},"end":{"line":5,"column":33}},"5":{"start":{"line":9,"column":18},"end":{"line":27,"column":1}},"6":{"start":{"line":10,"column":2},"end":{"line":10,"column":26}},"7":{"start":{"line":10,"column":19},"end":{"line":10,"column":26}},"8":{"start":{"line":12,"column":2},"end":{"line":26,"column":3}},"9":{"start":{"line":13,"column":4},"end":{"line":15,"column":5}},"10":{"start":{"line":14,"column":6},"end":{"line":14,"column":74}},"11":{"start":{"line":17,"column":17},"end":{"line":19,"column":6}},"12":{"start":{"line":21,"column":4},"end":{"line":21,"column":55}},"13":{"start":{"line":22,"column":4},"end":{"line":22,"column":39}},"14":{"start":{"line":24,"column":4},"end":{"line":24,"column":63}},"15":{"start":{"line":25,"column":4},"end":{"line":25,"column":14}},"16":{"start":{"line":29,"column":0},"end":{"line":29,"column":25}}},"fnMap":{"0":{"name":"(anonymous_1)","decl":{"start":{"line":5,"column":33},"end":{"line":5,"column":36}},"loc":{"start":{"line":5,"column":38},"end":{"line":7,"column":1}}},"1":{"name":"(anonymous_2)","decl":{"start":{"line":9,"column":18},"end":{"line":9,"column":23}},"loc":{"start":{"line":9,"column":44},"end":{"line":27,"column":1}}}},"branchMap":{"0":{"loc":{"start":{"line":10,"column":2},"end":{"line":10,"column":26}},"type":"if","locations":[{"start":{"line":10,"column":2},"end":{"line":10,"column":26}},{"start":{},"end":{}}]},"1":{"loc":{"start":{"line":13,"column":4},"end":{"line":15,"column":5}},"type":"if","locations":[{"start":{"line":13,"column":4},"end":{"line":15,"column":5}},{"start":{},"end":{}}]}},"s":{"0":4,"1":4,"2":4,"3":4,"4":4,"5":4,"6":7,"7":1,"8":6,"9":6,"10":1,"11":5,"12":4,"13":4,"14":1,"15":1,"16":4},"f":{"0":4,"1":7},"b":{"0":[1,6],"1":[1,5]}}
,"C:\\SQA_Task\\server\\src\\controllers\\authController.ts": {"path":"C:\\SQA_Task\\server\\src\\controllers\\authController.ts","statementMap":{"0":{"start":{"line":2,"column":0},"end":{"line":2,"column":30}},"1":{"start":{"line":3,"column":0},"end":{"line":3,"column":31}},"2":{"start":{"line":4,"column":0},"end":{"line":4,"column":45}},"3":{"start":{"line":7,"column":22},"end":{"line":15,"column":1}},"4":{"start":{"line":8,"column":2},"end":{"line":10,"column":3}},"5":{"start":{"line":9,"column":4},"end":{"line":9,"column":57}},"6":{"start":{"line":12,"column":2},"end":{"line":14,"column":5}},"7":{"start":{"line":18,"column":24},"end":{"line":47,"column":1}},"8":{"start":{"line":19,"column":2},"end":{"line":46,"column":3}},"9":{"start":{"line":20,"column":38},"end":{"line":20,"column":null}},"10":{"start":{"line":26,"column":25},"end":{"line":26,"column":54}},"11":{"start":{"line":27,"column":4},"end":{"line":30,"column":5}},"12":{"start":{"line":28,"column":6},"end":{"line":28,"column":63}},"13":{"start":{"line":29,"column":6},"end":{"line":29,"column":13}},"14":{"start":{"line":33,"column":27},"end":{"line":33,"column":58}},"15":{"start":{"line":35,"column":24},"end":{"line":39,"column":6}},"16":{"start":{"line":41,"column":18},"end":{"line":41,"column":52}},"17":{"start":{"line":43,"column":4},"end":{"line":43,"column":36}},"18":{"start":{"line":45,"column":4},"end":{"line":45,"column":51}},"19":{"start":{"line":18,"column":13},"end":{"line":18,"column":24}},"20":{"start":{"line":50,"column":21},"end":{"line":74,"column":1}},"21":{"start":{"line":51,"column":2},"end":{"line":73,"column":3}},"22":{"start":{"line":52,"column":32},"end":{"line":52,"column":null}},"23":{"start":{"line":57,"column":17},"end":{"line":57,"column":46}},"24":{"start":{"line":58,"column":4},"end":{"line":61,"column":5}},"25":{"start":{"line":59,"column":6},"end":{"line":59,"column":63}},"26":{"start":{"line":60,"column":6},"end":{"line":60,"column":13}},"27":{"start":{"line":63,"column":20},"end":{"line":63,"column":65}},"28":{"start":{"line":64,"column":4},"end":{"line":67,"column":5}},"29":{"start":{"line":65,"column":6},"end":{"line":65,"column":63}},"30":{"start":{"line":66,"column":6},"end":{"line":66,"column":13}},"31":{"start":{"line":69,"column":18},"end":{"line":69,"column":52}},"32":{"start":{"line":70,"column":4},"end":{"line":70,"column":36}},"33":{"start":{"line":72,"column":4},"end":{"line":72,"column":51}},"34":{"start":{"line":50,"column":13},"end":{"line":50,"column":21}}},"fnMap":{"0":{"name":"(anonymous_1)","decl":{"start":{"line":7,"column":22},"end":{"line":7,"column":23}},"loc":{"start":{"line":7,"column":41},"end":{"line":15,"column":1}}},"1":{"name":"(anonymous_2)","decl":{"start":{"line":18,"column":24},"end":{"line":18,"column":29}},"loc":{"start":{"line":18,"column":77},"end":{"line":47,"column":1}}},"2":{"name":"(anonymous_3)","decl":{"start":{"line":50,"column":21},"end":{"line":50,"column":26}},"loc":{"start":{"line":50,"column":74},"end":{"line":74,"column":1}}}},"branchMap":{"0":{"loc":{"start":{"line":8,"column":2},"end":{"line":10,"column":3}},"type":"if","locations":[{"start":{"line":8,"column":2},"end":{"line":10,"column":3}},{"start":{},"end":{}}]},"1":{"loc":{"start":{"line":27,"column":4},"end":{"line":30,"column":5}},"type":"if","locations":[{"start":{"line":27,"column":4},"end":{"line":30,"column":5}},{"start":{},"end":{}}]},"2":{"loc":{"start":{"line":58,"column":4},"end":{"line":61,"column":5}},"type":"if","locations":[{"start":{"line":58,"column":4},"end":{"line":61,"column":5}},{"start":{},"end":{}}]},"3":{"loc":{"start":{"line":64,"column":4},"end":{"line":67,"column":5}},"type":"if","locations":[{"start":{"line":64,"column":4},"end":{"line":67,"column":5}},{"start":{},"end":{}}]}},"s":{"0":4,"1":4,"2":4,"3":4,"4":6,"5":0,"6":6,"7":4,"8":4,"9":4,"10":4,"11":4,"12":0,"13":0,"14":4,"15":4,"16":4,"17":4,"18":0,"19":4,"20":4,"21":4,"22":4,"23":4,"24":4,"25":0,"26":0,"27":4,"28":4,"29":2,"30":2,"31":2,"32":2,"33":0,"34":4},"f":{"0":6,"1":4,"2":4},"b":{"0":[0,6],"1":[0,4],"2":[0,4],"3":[2,2]}}
,"C:\\SQA_Task\\server\\src\\controllers\\taskController.ts": {"path":"C:\\SQA_Task\\server\\src\\controllers\\taskController.ts","statementMap":{"0":{"start":{"line":2,"column":0},"end":{"line":2,"column":45}},"1":{"start":{"line":11,"column":27},"end":{"line":22,"column":1}},"2":{"start":{"line":12,"column":2},"end":{"line":21,"column":3}},"3":{"start":{"line":13,"column":18},"end":{"line":13,"column":53}},"4":{"start":{"line":14,"column":4},"end":{"line":18,"column":7}},"5":{"start":{"line":20,"column":4},"end":{"line":20,"column":14}},"6":{"start":{"line":11,"column":13},"end":{"line":11,"column":27}},"7":{"start":{"line":25,"column":23},"end":{"line":41,"column":1}},"8":{"start":{"line":26,"column":2},"end":{"line":40,"column":3}},"9":{"start":{"line":27,"column":22},"end":{"line":27,"column":53}},"10":{"start":{"line":28,"column":21},"end":{"line":28,"column":39}},"11":{"start":{"line":29,"column":4},"end":{"line":31,"column":5}},"12":{"start":{"line":30,"column":6},"end":{"line":30,"column":53}},"13":{"start":{"line":32,"column":18},"end":{"line":32,"column":40}},"14":{"start":{"line":33,"column":4},"end":{"line":37,"column":7}},"15":{"start":{"line":39,"column":4},"end":{"line":39,"column":14}},"16":{"start":{"line":25,"column":13},"end":{"line":25,"column":23}},"17":{"start":{"line":44,"column":27},"end":{"line":62,"column":1}},"18":{"start":{"line":45,"column":2},"end":{"line":61,"column":3}},"19":{"start":{"line":46,"column":17},"end":{"line":46,"column":75}},"20":{"start":{"line":47,"column":4},"end":{"line":53,"column":5}},"21":{"start":{"line":48,"column":6},"end":{"line":52,"column":9}},"22":{"start":{"line":54,"column":4},"end":{"line":58,"column":7}},"23":{"start":{"line":60,"column":4},"end":{"line":60,"column":14}},"24":{"start":{"line":44,"column":13},"end":{"line":44,"column":27}},"25":{"start":{"line":65,"column":26},"end":{"line":77,"column":1}},"26":{"start":{"line":66,"column":2},"end":{"line":76,"column":3}},"27":{"start":{"line":67,"column":41},"end":{"line":67,"column":91}},"28":{"start":{"line":68,"column":24},"end":{"line":68,"column":79}},"29":{"start":{"line":69,"column":4},"end":{"line":73,"column":7}},"30":{"start":{"line":75,"column":4},"end":{"line":75,"column":14}},"31":{"start":{"line":65,"column":13},"end":{"line":65,"column":26}},"32":{"start":{"line":80,"column":26},"end":{"line":103,"column":1}},"33":{"start":{"line":81,"column":2},"end":{"line":102,"column":3}},"34":{"start":{"line":82,"column":33},"end":{"line":82,"column":84}},"35":{"start":{"line":83,"column":17},"end":{"line":86,"column":null}},"36":{"start":{"line":88,"column":4},"end":{"line":94,"column":5}},"37":{"start":{"line":89,"column":6},"end":{"line":93,"column":9}},"38":{"start":{"line":95,"column":4},"end":{"line":99,"column":7}},"39":{"start":{"line":101,"column":4},"end":{"line":101,"column":14}},"40":{"start":{"line":80,"column":13},"end":{"line":80,"column":26}},"41":{"start":{"line":106,"column":26},"end":{"line":124,"column":1}},"42":{"start":{"line":107,"column":2},"end":{"line":123,"column":3}},"43":{"start":{"line":108,"column":17},"end":{"line":108,"column":84}},"44":{"start":{"line":109,"column":4},"end":{"line":115,"column":5}},"45":{"start":{"line":110,"column":6},"end":{"line":114,"column":9}},"46":{"start":{"line":116,"column":4},"end":{"line":120,"column":7}},"47":{"start":{"line":122,"column":4},"end":{"line":122,"column":14}},"48":{"start":{"line":106,"column":13},"end":{"line":106,"column":26}},"49":{"start":{"line":127,"column":24},"end":{"line":139,"column":1}},"50":{"start":{"line":128,"column":2},"end":{"line":138,"column":3}},"51":{"start":{"line":129,"column":18},"end":{"line":129,"column":63}},"52":{"start":{"line":130,"column":22},"end":{"line":130,"column":84}},"53":{"start":{"line":131,"column":4},"end":{"line":135,"column":7}},"54":{"start":{"line":137,"column":4},"end":{"line":137,"column":14}},"55":{"start":{"line":127,"column":13},"end":{"line":127,"column":24}}},"fnMap":{"0":{"name":"(anonymous_1)","decl":{"start":{"line":11,"column":27},"end":{"line":11,"column":32}},"loc":{"start":{"line":11,"column":89},"end":{"line":22,"column":1}}},"1":{"name":"(anonymous_2)","decl":{"start":{"line":25,"column":23},"end":{"line":25,"column":28}},"loc":{"start":{"line":25,"column":85},"end":{"line":41,"column":1}}},"2":{"name":"(anonymous_3)","decl":{"start":{"line":44,"column":27},"end":{"line":44,"column":32}},"loc":{"start":{"line":44,"column":89},"end":{"line":62,"column":1}}},"3":{"name":"(anonymous_4)","decl":{"start":{"line":65,"column":26},"end":{"line":65,"column":31}},"loc":{"start":{"line":65,"column":88},"end":{"line":77,"column":1}}},"4":{"name":"(anonymous_5)","decl":{"start":{"line":80,"column":26},"end":{"line":80,"column":31}},"loc":{"start":{"line":80,"column":88},"end":{"line":103,"column":1}}},"5":{"name":"(anonymous_6)","decl":{"start":{"line":106,"column":26},"end":{"line":106,"column":31}},"loc":{"start":{"line":106,"column":88},"end":{"line":124,"column":1}}},"6":{"name":"(anonymous_7)","decl":{"start":{"line":127,"column":24},"end":{"line":127,"column":29}},"loc":{"start":{"line":127,"column":86},"end":{"line":139,"column":1}}}},"branchMap":{"0":{"loc":{"start":{"line":29,"column":4},"end":{"line":31,"column":5}},"type":"if","locations":[{"start":{"line":29,"column":4},"end":{"line":31,"column":5}},{"start":{},"end":{}}]},"1":{"loc":{"start":{"line":47,"column":4},"end":{"line":53,"column":5}},"type":"if","locations":[{"start":{"line":47,"column":4},"end":{"line":53,"column":5}},{"start":{},"end":{}}]},"2":{"loc":{"start":{"line":67,"column":19},"end":{"line":67,"column":36}},"type":"default-arg","locations":[{"start":{"line":67,"column":31},"end":{"line":67,"column":36}}]},"3":{"loc":{"start":{"line":88,"column":4},"end":{"line":94,"column":5}},"type":"if","locations":[{"start":{"line":88,"column":4},"end":{"line":94,"column":5}},{"start":{},"end":{}}]},"4":{"loc":{"start":{"line":109,"column":4},"end":{"line":115,"column":5}},"type":"if","locations":[{"start":{"line":109,"column":4},"end":{"line":115,"column":5}},{"start":{},"end":{}}]}},"s":{"0":4,"1":4,"2":2,"3":2,"4":2,"5":0,"6":4,"7":4,"8":1,"9":1,"10":1,"11":1,"12":0,"13":1,"14":1,"15":0,"16":4,"17":4,"18":2,"19":2,"20":2,"21":1,"22":1,"23":0,"24":4,"25":4,"26":2,"27":2,"28":2,"29":2,"30":0,"31":4,"32":4,"33":1,"34":1,"35":1,"36":1,"37":0,"38":1,"39":0,"40":4,"41":4,"42":1,"43":1,"44":1,"45":0,"46":1,"47":0,"48":4,"49":4,"50":1,"51":1,"52":1,"53":1,"54":0,"55":4},"f":{"0":2,"1":1,"2":2,"3":2,"4":1,"5":1,"6":1},"b":{"0":[0,1],"1":[1,1],"2":[2],"3":[0,1],"4":[0,1]}}
,"C:\\SQA_Task\\server\\src\\middleware\\auth.ts": {"path":"C:\\SQA_Task\\server\\src\\middleware\\auth.ts","statementMap":{"0":{"start":{"line":2,"column":0},"end":{"line":2,"column":31}},"1":{"start":{"line":16,"column":23},"end":{"line":35,"column":1}},"2":{"start":{"line":17,"column":21},"end":{"line":17,"column":48}},"3":{"start":{"line":18,"column":16},"end":{"line":18,"column":50}},"4":{"start":{"line":20,"column":2},"end":{"line":24,"column":3}},"5":{"start":{"line":21,"column":4},"end":{"line":23,"column":7}},"6":{"start":{"line":26,"column":2},"end":{"line":34,"column":3}},"7":{"start":{"line":27,"column":20},"end":{"line":27,"column":85}},"8":{"start":{"line":28,"column":4},"end":{"line":28,"column":26}},"9":{"start":{"line":29,"column":4},"end":{"line":29,"column":11}},"10":{"start":{"line":31,"column":4},"end":{"line":33,"column":7}},"11":{"start":{"line":37,"column":0},"end":{"line":37,"column":30}}},"fnMap":{"0":{"name":"(anonymous_1)","decl":{"start":{"line":16,"column":23},"end":{"line":16,"column":24}},"loc":{"start":{"line":16,"column":79},"end":{"line":35,"column":1}}}},"branchMap":{"0":{"loc":{"start":{"line":20,"column":2},"end":{"line":24,"column":3}},"type":"if","locations":[{"start":{"line":20,"column":2},"end":{"line":24,"column":3}},{"start":{},"end":{}}]}},"s":{"0":4,"1":4,"2":5,"3":5,"4":5,"5":2,"6":3,"7":3,"8":3,"9":3,"10":0,"11":4},"f":{"0":5},"b":{"0":[2,3]}}
,"C:\\SQA_Task\\server\\src\\middleware\\errorHandling.ts": {"path":"C:\\SQA_Task\\server\\src\\middleware\\errorHandling.ts","statementMap":{"0":{"start":{"line":8,"column":21},"end":{"line":18,"column":1}},"1":{"start":{"line":9,"column":2},"end":{"line":9,"column":19}},"2":{"start":{"line":11,"column":17},"end":{"line":11,"column":34}},"3":{"start":{"line":13,"column":2},"end":{"line":17,"column":5}},"4":{"start":{"line":20,"column":0},"end":{"line":20,"column":28}}},"fnMap":{"0":{"name":"(anonymous_0)","decl":{"start":{"line":8,"column":21},"end":{"line":8,"column":22}},"loc":{"start":{"line":8,"column":91},"end":{"line":18,"column":1}}}},"branchMap":{"0":{"loc":{"start":{"line":11,"column":17},"end":{"line":11,"column":34}},"type":"binary-expr","locations":[{"start":{"line":11,"column":17},"end":{"line":11,"column":27}},{"start":{"line":11,"column":31},"end":{"line":11,"column":34}}]},"1":{"loc":{"start":{"line":16,"column":13},"end":{"line":16,"column":51}},"type":"binary-expr","locations":[{"start":{"line":16,"column":13},"end":{"line":16,"column":24}},{"start":{"line":16,"column":28},"end":{"line":16,"column":51}}]}},"s":{"0":4,"1":2,"2":2,"3":2,"4":4},"f":{"0":2},"b":{"0":[2,1],"1":[2,0]}}
,"C:\\SQA_Task\\server\\src\\middleware\\validateTask.ts": {"path":"C:\\SQA_Task\\server\\src\\middleware\\validateTask.ts","statementMap":{"0":{"start":{"line":1,"column":0},"end":{"line":1,"column":59}},"1":{"start":{"line":4,"column":27},"end":{"line":28,"column":2}},"2":{"start":{"line":17,"column":19},"end":{"line":17,"column":40}},"3":{"start":{"line":18,"column":4},"end":{"line":25,"column":5}},"4":{"start":{"line":19,"column":6},"end":{"line":24,"column":9}},"5":{"start":{"line":26,"column":4},"end":{"line":26,"column":11}},"6":{"start":{"line":53,"column":9},"end":{"line":53,"column":27}},"7":{"start":{"line":30,"column":27},"end":{"line":51,"column":2}},"8":{"start":{"line":40,"column":19},"end":{"line":40,"column":40}},"9":{"start":{"line":41,"column":4},"end":{"line":48,"column":5}},"10":{"start":{"line":42,"column":6},"end":{"line":47,"column":9}},"11":{"start":{"line":49,"column":4},"end":{"line":49,"column":11}},"12":{"start":{"line":53,"column":29},"end":{"line":53,"column":47}}},"fnMap":{"0":{"name":"(anonymous_0)","decl":{"start":{"line":16,"column":2},"end":{"line":16,"column":3}},"loc":{"start":{"line":16,"column":54},"end":{"line":27,"column":3}}},"1":{"name":"(anonymous_1)","decl":{"start":{"line":39,"column":2},"end":{"line":39,"column":3}},"loc":{"start":{"line":39,"column":54},"end":{"line":50,"column":3}}}},"branchMap":{"0":{"loc":{"start":{"line":18,"column":4},"end":{"line":25,"column":5}},"type":"if","locations":[{"start":{"line":18,"column":4},"end":{"line":25,"column":5}},{"start":{},"end":{}}]},"1":{"loc":{"start":{"line":41,"column":4},"end":{"line":48,"column":5}},"type":"if","locations":[{"start":{"line":41,"column":4},"end":{"line":48,"column":5}},{"start":{},"end":{}}]}},"s":{"0":4,"1":4,"2":3,"3":3,"4":1,"5":2,"6":4,"7":4,"8":0,"9":0,"10":0,"11":0,"12":4},"f":{"0":3,"1":0},"b":{"0":[1,2],"1":[0,0]}}
,"C:\\SQA_Task\\server\\src\\models\\task.ts": {"path":"C:\\SQA_Task\\server\\src\\models\\task.ts","statementMap":{"0":{"start":{"line":1,"column":0},"end":{"line":1,"column":68}},"1":{"start":{"line":13,"column":34},"end":{"line":19,"column":null}},"2":{"start":{"line":23,"column":27},"end":{"line":23,"column":68}},"3":{"start":{"line":24,"column":0},"end":{"line":24,"column":20}}},"fnMap":{},"branchMap":{},"s":{"0":4,"1":4,"2":4,"3":4},"f":{},"b":{}}
,"C:\\SQA_Task\\server\\src\\models\\user.ts": {"path":"C:\\SQA_Task\\server\\src\\models\\user.ts","statementMap":{"0":{"start":{"line":1,"column":0},"end":{"line":1,"column":61}},"1":{"start":{"line":2,"column":0},"end":{"line":2,"column":30}},"2":{"start":{"line":14,"column":34},"end":{"line":23,"column":2}},"3":{"start":{"line":26,"column":0},"end":{"line":30,"column":2}},"4":{"start":{"line":29,"column":2},"end":{"line":29,"column":58}},"5":{"start":{"line":33,"column":27},"end":{"line":33,"column":68}},"6":{"start":{"line":34,"column":0},"end":{"line":34,"column":20}}},"fnMap":{"0":{"name":"(anonymous_10)","decl":{"start":{"line":26,"column":37},"end":{"line":26,"column":42}},"loc":{"start":{"line":27,"column":27},"end":{"line":30,"column":1}}}},"branchMap":{},"s":{"0":5,"1":5,"2":5,"3":5,"4":0,"5":5,"6":5},"f":{"0":0},"b":{}}
,"C:\\SQA_Task\\server\\src\\routes\\authRoutes.ts": {"path":"C:\\SQA_Task\\server\\src\\routes\\authRoutes.ts","statementMap":{"0":{"start":{"line":1,"column":0},"end":{"line":1,"column":30}},"1":{"start":{"line":2,"column":0},"end":{"line":2,"column":64}},"2":{"start":{"line":3,"column":0},"end":{"line":3,"column":41}},"3":{"start":{"line":5,"column":15},"end":{"line":5,"column":31}},"4":{"start":{"line":7,"column":25},"end":{"line":13,"column":2}},"5":{"start":{"line":15,"column":22},"end":{"line":18,"column":2}},"6":{"start":{"line":20,"column":0},"end":{"line":20,"column":53}},"7":{"start":{"line":21,"column":0},"end":{"line":21,"column":44}},"8":{"start":{"line":23,"column":0},"end":{"line":23,"column":22}}},"fnMap":{},"branchMap":{},"s":{"0":4,"1":4,"2":4,"3":4,"4":4,"5":4,"6":4,"7":4,"8":4},"f":{},"b":{}}
,"C:\\SQA_Task\\server\\src\\routes\\tasks.ts": {"path":"C:\\SQA_Task\\server\\src\\routes\\tasks.ts","statementMap":{"0":{"start":{"line":1,"column":0},"end":{"line":1,"column":30}},"1":{"start":{"line":2,"column":0},"end":{"line":2,"column":54}},"2":{"start":{"line":3,"column":0},"end":{"line":3,"column":84}},"3":{"start":{"line":4,"column":0},"end":{"line":4,"column":38}},"4":{"start":{"line":6,"column":15},"end":{"line":6,"column":31}},"5":{"start":{"line":8,"column":0},"end":{"line":8,"column":40}},"6":{"start":{"line":9,"column":0},"end":{"line":9,"column":40}},"7":{"start":{"line":10,"column":0},"end":{"line":10,"column":42}},"8":{"start":{"line":11,"column":0},"end":{"line":11,"column":43}},"9":{"start":{"line":12,"column":0},"end":{"line":12,"column":60}},"10":{"start":{"line":13,"column":0},"end":{"line":13,"column":62}},"11":{"start":{"line":14,"column":0},"end":{"line":14,"column":45}},"12":{"start":{"line":16,"column":0},"end":{"line":16,"column":22}}},"fnMap":{},"branchMap":{},"s":{"0":4,"1":4,"2":4,"3":4,"4":4,"5":4,"6":4,"7":4,"8":4,"9":4,"10":4,"11":4,"12":4},"f":{},"b":{}}
}
