TN:
SF:src\index.ts
FN:21,(anonymous_1)
FN:35,(anonymous_2)
FNF:2
FNH:1
FNDA:1,(anonymous_1)
FNDA:0,(anonymous_2)
DA:1,3
DA:2,3
DA:3,3
DA:5,3
DA:6,3
DA:7,3
DA:8,3
DA:10,3
DA:12,3
DA:14,3
DA:15,3
DA:18,3
DA:21,3
DA:22,1
DA:26,3
DA:27,3
DA:30,3
DA:33,3
DA:34,0
DA:35,0
DA:36,0
DA:40,3
LF:22
LH:19
BRDA:33,0,0,0
BRDA:33,0,1,3
BRDA:34,1,0,0
BRDA:34,1,1,0
BRF:4
BRH:1
end_of_record
TN:
SF:src\config\db.ts
FN:5,(anonymous_1)
FN:9,(anonymous_2)
FNF:2
FNH:2
FNDA:4,(anonymous_1)
FNDA:7,(anonymous_2)
DA:1,4
DA:3,4
DA:5,4
DA:6,4
DA:9,4
DA:10,7
DA:12,6
DA:13,6
DA:14,1
DA:17,5
DA:21,4
DA:22,4
DA:24,1
DA:25,1
DA:29,4
LF:15
LH:15
BRDA:10,0,0,1
BRDA:10,0,1,6
BRDA:13,1,0,1
BRDA:13,1,1,5
BRF:4
BRH:4
end_of_record
TN:
SF:src\controllers\authController.ts
FN:7,(anonymous_1)
FN:18,(anonymous_2)
FN:50,(anonymous_3)
FNF:3
FNH:3
FNDA:6,(anonymous_1)
FNDA:4,(anonymous_2)
FNDA:4,(anonymous_3)
DA:2,4
DA:3,4
DA:4,4
DA:7,4
DA:8,6
DA:9,0
DA:12,6
DA:18,4
DA:19,4
DA:20,4
DA:26,4
DA:27,4
DA:28,0
DA:29,0
DA:33,4
DA:35,4
DA:41,4
DA:43,4
DA:45,0
DA:50,4
DA:51,4
DA:52,4
DA:57,4
DA:58,4
DA:59,0
DA:60,0
DA:63,4
DA:64,4
DA:65,2
DA:66,2
DA:69,2
DA:70,2
DA:72,0
LF:33
LH:26
BRDA:8,0,0,0
BRDA:8,0,1,6
BRDA:27,1,0,0
BRDA:27,1,1,4
BRDA:58,2,0,0
BRDA:58,2,1,4
BRDA:64,3,0,2
BRDA:64,3,1,2
BRF:8
BRH:5
end_of_record
TN:
SF:src\controllers\taskController.ts
FN:11,(anonymous_1)
FN:25,(anonymous_2)
FN:44,(anonymous_3)
FN:65,(anonymous_4)
FN:80,(anonymous_5)
FN:106,(anonymous_6)
FN:127,(anonymous_7)
FNF:7
FNH:7
FNDA:2,(anonymous_1)
FNDA:1,(anonymous_2)
FNDA:2,(anonymous_3)
FNDA:2,(anonymous_4)
FNDA:1,(anonymous_5)
FNDA:1,(anonymous_6)
FNDA:1,(anonymous_7)
DA:2,4
DA:11,4
DA:12,2
DA:13,2
DA:14,2
DA:20,0
DA:25,4
DA:26,1
DA:27,1
DA:28,1
DA:29,1
DA:30,0
DA:32,1
DA:33,1
DA:39,0
DA:44,4
DA:45,2
DA:46,2
DA:47,2
DA:48,1
DA:54,1
DA:60,0
DA:65,4
DA:66,2
DA:67,2
DA:68,2
DA:69,2
DA:75,0
DA:80,4
DA:81,1
DA:82,1
DA:83,1
DA:88,1
DA:89,0
DA:95,1
DA:101,0
DA:106,4
DA:107,1
DA:108,1
DA:109,1
DA:110,0
DA:116,1
DA:122,0
DA:127,4
DA:128,1
DA:129,1
DA:130,1
DA:131,1
DA:137,0
LF:49
LH:39
BRDA:29,0,0,0
BRDA:29,0,1,1
BRDA:47,1,0,1
BRDA:47,1,1,1
BRDA:67,2,0,2
BRDA:88,3,0,0
BRDA:88,3,1,1
BRDA:109,4,0,0
BRDA:109,4,1,1
BRF:9
BRH:6
end_of_record
TN:
SF:src\middleware\auth.ts
FN:16,(anonymous_1)
FNF:1
FNH:1
FNDA:5,(anonymous_1)
DA:2,4
DA:16,4
DA:17,5
DA:18,5
DA:20,5
DA:21,2
DA:26,3
DA:27,3
DA:28,3
DA:29,3
DA:31,0
DA:37,4
LF:12
LH:11
BRDA:20,0,0,2
BRDA:20,0,1,3
BRF:2
BRH:2
end_of_record
TN:
SF:src\middleware\errorHandling.ts
FN:8,(anonymous_0)
FNF:1
FNH:1
FNDA:2,(anonymous_0)
DA:8,4
DA:9,2
DA:11,2
DA:13,2
DA:20,4
LF:5
LH:5
BRDA:11,0,0,2
BRDA:11,0,1,1
BRDA:16,1,0,2
BRDA:16,1,1,0
BRF:4
BRH:3
end_of_record
TN:
SF:src\middleware\validateTask.ts
FN:16,(anonymous_0)
FN:39,(anonymous_1)
FNF:2
FNH:1
FNDA:3,(anonymous_0)
FNDA:0,(anonymous_1)
DA:1,4
DA:4,4
DA:17,3
DA:18,3
DA:19,1
DA:26,2
DA:30,4
DA:40,0
DA:41,0
DA:42,0
DA:49,0
DA:53,4
LF:12
LH:8
BRDA:18,0,0,1
BRDA:18,0,1,2
BRDA:41,1,0,0
BRDA:41,1,1,0
BRF:4
BRH:2
end_of_record
TN:
SF:src\models\task.ts
FNF:0
FNH:0
DA:1,4
DA:13,4
DA:23,4
DA:24,4
LF:4
LH:4
BRF:0
BRH:0
end_of_record
TN:
SF:src\models\user.ts
FN:26,(anonymous_10)
FNF:1
FNH:0
FNDA:0,(anonymous_10)
DA:1,5
DA:2,5
DA:14,5
DA:26,5
DA:29,0
DA:33,5
DA:34,5
LF:7
LH:6
BRF:0
BRH:0
end_of_record
TN:
SF:src\routes\authRoutes.ts
FNF:0
FNH:0
DA:1,4
DA:2,4
DA:3,4
DA:5,4
DA:7,4
DA:15,4
DA:20,4
DA:21,4
DA:23,4
LF:9
LH:9
BRF:0
BRH:0
end_of_record
TN:
SF:src\routes\tasks.ts
FNF:0
FNH:0
DA:1,4
DA:2,4
DA:3,4
DA:4,4
DA:6,4
DA:8,4
DA:9,4
DA:10,4
DA:11,4
DA:12,4
DA:13,4
DA:14,4
DA:16,4
LF:13
LH:13
BRF:0
BRH:0
end_of_record
